2022-03-11 09:09:49.246 [INFO] [main] [c.b.u.UserregistrationApplicationTests:55]  Starting UserregistrationApplicationTests using Java 11.0.14 on LAPTOP-GLO85PV8 with PID 5196 (started by Piyush in C:\Users\Piyush\Desktop\Enterprise Different Workshop\userregistration)
2022-03-11 09:09:49.254 [DEBUG] [main] [c.b.u.UserregistrationApplicationTests:56]  Running with Spring Boot v2.5.4, Spring v5.3.9
2022-03-11 09:09:49.255 [INFO] [main] [c.b.u.UserregistrationApplicationTests:663]  The following profiles are active: PROD
2022-03-11 09:09:54.178 [WARN] [main] [o.s.b.a.o.j.JpaBaseConfiguration$JpaWebConfiguration:219]  spring.jpa.open-in-view is enabled by default. Therefore, database queries may be performed during view rendering. Explicitly configure spring.jpa.open-in-view to disable this warning
2022-03-11 09:09:54.758 [WARN] [main] [o.s.b.a.t.ThymeleafAutoConfiguration$DefaultTemplateResolverConfiguration:105]  Cannot find template location: classpath:/templates/ (please add some templates or check your Thymeleaf configuration)
2022-03-11 09:09:56.196 [WARN] [main] [o.s.c.l.c.LoadBalancerCacheAutoConfiguration$LoadBalancerCaffeineWarnLogger:82]  Spring Cloud LoadBalancer is currently working with the default cache. You can switch to using Caffeine cache, by adding it and org.springframework.cache.caffeine.CaffeineCacheManager to the classpath.
2022-03-11 09:10:00.878 [INFO] [main] [c.b.u.UserregistrationApplicationTests:61]  Started UserregistrationApplicationTests in 12.418 seconds (JVM running for 13.635)
2022-03-11 15:26:35.112 [INFO] [restartedMain] [c.b.u.UserregistrationApplication:55]  Starting UserregistrationApplication using Java 11.0.14 on LAPTOP-GLO85PV8 with PID 7044 (C:\Users\Piyush\Desktop\Enterprise Different Workshop\userregistration\target\classes started by Piyush in C:\Users\Piyush\Desktop\Enterprise Different Workshop\userregistration)
2022-03-11 15:26:35.151 [DEBUG] [restartedMain] [c.b.u.UserregistrationApplication:56]  Running with Spring Boot v2.5.4, Spring v5.3.9
2022-03-11 15:26:35.152 [INFO] [restartedMain] [c.b.u.UserregistrationApplication:663]  The following profiles are active: PROD
2022-03-11 15:26:38.657 [WARN] [restartedMain] [o.s.b.a.o.j.JpaBaseConfiguration$JpaWebConfiguration:219]  spring.jpa.open-in-view is enabled by default. Therefore, database queries may be performed during view rendering. Explicitly configure spring.jpa.open-in-view to disable this warning
2022-03-11 15:26:38.904 [WARN] [restartedMain] [o.s.b.a.t.ThymeleafAutoConfiguration$DefaultTemplateResolverConfiguration:105]  Cannot find template location: classpath:/templates/ (please add some templates or check your Thymeleaf configuration)
2022-03-11 15:26:39.618 [WARN] [restartedMain] [o.s.b.d.a.OptionalLiveReloadServer:61]  Unable to start LiveReload server
2022-03-11 15:26:40.061 [WARN] [restartedMain] [o.s.c.l.c.LoadBalancerCacheAutoConfiguration$LoadBalancerCaffeineWarnLogger:82]  Spring Cloud LoadBalancer is currently working with the default cache. You can switch to using Caffeine cache, by adding it and org.springframework.cache.caffeine.CaffeineCacheManager to the classpath.
2022-03-11 15:26:44.969 [INFO] [restartedMain] [c.b.u.UserregistrationApplication:61]  Started UserregistrationApplication in 10.722 seconds (JVM running for 11.909)
2022-03-11 15:26:44.975 [INFO] [restartedMain] [c.b.u.UserregistrationApplication:16]  User Registration App started
2022-03-11 15:44:26.561 [INFO] [restartedMain] [c.b.u.UserregistrationApplication:55]  Starting UserregistrationApplication using Java 11.0.14 on LAPTOP-GLO85PV8 with PID 7044 (C:\Users\Piyush\Desktop\Enterprise Different Workshop\userregistration\target\classes started by Piyush in C:\Users\Piyush\Desktop\Enterprise Different Workshop\userregistration)
2022-03-11 15:44:26.561 [DEBUG] [restartedMain] [c.b.u.UserregistrationApplication:56]  Running with Spring Boot v2.5.4, Spring v5.3.9
2022-03-11 15:44:26.561 [INFO] [restartedMain] [c.b.u.UserregistrationApplication:663]  The following profiles are active: PROD
2022-03-11 15:44:27.351 [WARN] [restartedMain] [o.s.b.a.o.j.JpaBaseConfiguration$JpaWebConfiguration:219]  spring.jpa.open-in-view is enabled by default. Therefore, database queries may be performed during view rendering. Explicitly configure spring.jpa.open-in-view to disable this warning
2022-03-11 15:44:27.445 [WARN] [restartedMain] [o.s.b.a.t.ThymeleafAutoConfiguration$DefaultTemplateResolverConfiguration:105]  Cannot find template location: classpath:/templates/ (please add some templates or check your Thymeleaf configuration)
2022-03-11 15:44:27.949 [WARN] [restartedMain] [o.s.b.d.a.OptionalLiveReloadServer:61]  Unable to start LiveReload server
2022-03-11 15:44:28.318 [WARN] [restartedMain] [o.s.c.l.c.LoadBalancerCacheAutoConfiguration$LoadBalancerCaffeineWarnLogger:82]  Spring Cloud LoadBalancer is currently working with the default cache. You can switch to using Caffeine cache, by adding it and org.springframework.cache.caffeine.CaffeineCacheManager to the classpath.
2022-03-11 15:44:32.807 [INFO] [restartedMain] [c.b.u.UserregistrationApplication:61]  Started UserregistrationApplication in 6.634 seconds (JVM running for 1079.747)
2022-03-11 15:44:32.810 [INFO] [restartedMain] [c.b.u.UserregistrationApplication:16]  User Registration App started
2022-03-11 15:44:40.624 [INFO] [restartedMain] [c.b.u.UserregistrationApplication:55]  Starting UserregistrationApplication using Java 11.0.14 on LAPTOP-GLO85PV8 with PID 7044 (C:\Users\Piyush\Desktop\Enterprise Different Workshop\userregistration\target\classes started by Piyush in C:\Users\Piyush\Desktop\Enterprise Different Workshop\userregistration)
2022-03-11 15:44:40.625 [DEBUG] [restartedMain] [c.b.u.UserregistrationApplication:56]  Running with Spring Boot v2.5.4, Spring v5.3.9
2022-03-11 15:44:40.625 [INFO] [restartedMain] [c.b.u.UserregistrationApplication:663]  The following profiles are active: PROD
2022-03-11 15:44:41.394 [WARN] [restartedMain] [o.s.b.a.o.j.JpaBaseConfiguration$JpaWebConfiguration:219]  spring.jpa.open-in-view is enabled by default. Therefore, database queries may be performed during view rendering. Explicitly configure spring.jpa.open-in-view to disable this warning
2022-03-11 15:44:41.488 [WARN] [restartedMain] [o.s.b.a.t.ThymeleafAutoConfiguration$DefaultTemplateResolverConfiguration:105]  Cannot find template location: classpath:/templates/ (please add some templates or check your Thymeleaf configuration)
2022-03-11 15:44:42.041 [WARN] [restartedMain] [o.s.b.d.a.OptionalLiveReloadServer:61]  Unable to start LiveReload server
2022-03-11 15:44:42.450 [WARN] [restartedMain] [o.s.c.l.c.LoadBalancerCacheAutoConfiguration$LoadBalancerCaffeineWarnLogger:82]  Spring Cloud LoadBalancer is currently working with the default cache. You can switch to using Caffeine cache, by adding it and org.springframework.cache.caffeine.CaffeineCacheManager to the classpath.
2022-03-11 15:44:46.929 [INFO] [restartedMain] [c.b.u.UserregistrationApplication:61]  Started UserregistrationApplication in 6.7 seconds (JVM running for 1093.869)
2022-03-11 15:44:46.931 [INFO] [restartedMain] [c.b.u.UserregistrationApplication:16]  User Registration App started
